# JRE version: Java(TM) SE Runtime Environment (17.0.12+8) (build 17.0.12+8-LTS-286)
# Java VM: Java HotSpot(TM) 64-Bit Server VM (17.0.12+8-LTS-286, mixed mode, sharing, tiered, compressed oops, compressed class ptrs, g1 gc, windows-amd64)
GC Precious Log:
 CPUs: 8 total, 8 available
 Memory: 16112M
 Large Page Support: Disabled
 NUMA Support: Disabled
 Compressed Oops: Enabled (Zero based)
 Heap Region Size: 4M
 Heap Min Capacity: 8M
 Heap Initial Capacity: 252M
 Heap Max Capacity: 8G
 Pre-touch: Disabled
 Parallel Workers: 8
 Concurrent Workers: 2
 Concurrent Refinement Workers: 8
 Periodic GC: Disabled
Heap:
 garbage-first heap   total 614400K, used 241970K [0x0000000600000000, 0x0000000800000000)
  region size 4096K, 24 young (98304K), 3 survivors (12288K)
 Metaspace       used 116643K, committed 118080K, reserved 1179648K
  class space    used 16195K, committed 16896K, reserved 1048576K
GC Heap History (20 events):
Event: 38.044 GC heap before
{Heap before GC invocations=43 (full 0):
 garbage-first heap   total 262144K, used 203247K [0x0000000600000000, 0x0000000800000000)
  region size 4096K, 21 young (86016K), 3 survivors (12288K)
 Metaspace       used 113310K, committed 114432K, reserved 1179648K
  class space    used 15902K, committed 16448K, reserved 1048576K
}
Event: 38.058 GC heap after
{Heap after GC invocations=44 (full 0):
 garbage-first heap   total 262144K, used 138940K [0x0000000600000000, 0x0000000800000000)
  region size 4096K, 3 young (12288K), 3 survivors (12288K)
 Metaspace       used 113310K, committed 114432K, reserved 1179648K
  class space    used 15902K, committed 16448K, reserved 1048576K
}
Event: 38.560 GC heap before
{Heap before GC invocations=44 (full 0):
 garbage-first heap   total 262144K, used 208572K [0x0000000600000000, 0x0000000800000000)
  region size 4096K, 20 young (81920K), 3 survivors (12288K)
 Metaspace       used 113557K, committed 114752K, reserved 1179648K
  class space    used 15919K, committed 16512K, reserved 1048576K
}
Event: 38.571 GC heap after
{Heap after GC invocations=45 (full 0):
 garbage-first heap   total 262144K, used 142071K [0x0000000600000000, 0x0000000800000000)
  region size 4096K, 3 young (12288K), 3 survivors (12288K)
 Metaspace       used 113557K, committed 114752K, reserved 1179648K
  class space    used 15919K, committed 16512K, reserved 1048576K
}
Event: 827.233 GC heap before
{Heap before GC invocations=46 (full 0):
 garbage-first heap   total 266240K, used 207607K [0x0000000600000000, 0x0000000800000000)
  region size 4096K, 20 young (81920K), 3 survivors (12288K)
 Metaspace       used 114411K, committed 115648K, reserved 1179648K
  class space    used 16018K, committed 16640K, reserved 1048576K
}
Event: 827.243 GC heap after
{Heap after GC invocations=47 (full 0):
 garbage-first heap   total 266240K, used 147792K [0x0000000600000000, 0x0000000800000000)
  region size 4096K, 3 young (12288K), 3 survivors (12288K)
 Metaspace       used 114411K, committed 115648K, reserved 1179648K
  class space    used 16018K, committed 16640K, reserved 1048576K
}
Event: 837.099 GC heap before
{Heap before GC invocations=47 (full 0):
 garbage-first heap   total 266240K, used 209232K [0x0000000600000000, 0x0000000800000000)
  region size 4096K, 19 young (77824K), 3 survivors (12288K)
 Metaspace       used 114643K, committed 115904K, reserved 1179648K
  class space    used 16023K, committed 16640K, reserved 1048576K
}
Event: 837.116 GC heap after
{Heap after GC invocations=48 (full 0):
 garbage-first heap   total 266240K, used 152741K [0x0000000600000000, 0x0000000800000000)
  region size 4096K, 3 young (12288K), 3 survivors (12288K)
 Metaspace       used 114643K, committed 115904K, reserved 1179648K
  class space    used 16023K, committed 16640K, reserved 1048576K
}
Event: 837.681 GC heap before
{Heap before GC invocations=49 (full 0):
 garbage-first heap   total 294912K, used 218277K [0x0000000600000000, 0x0000000800000000)
  region size 4096K, 19 young (77824K), 3 survivors (12288K)
 Metaspace       used 114717K, committed 116032K, reserved 1179648K
  class space    used 16025K, committed 16640K, reserved 1048576K
}
Event: 837.694 GC heap after
{Heap after GC invocations=50 (full 0):
 garbage-first heap   total 294912K, used 154448K [0x0000000600000000, 0x0000000800000000)
  region size 4096K, 2 young (8192K), 2 survivors (8192K)
 Metaspace       used 114717K, committed 116032K, reserved 1179648K
  class space    used 16025K, committed 16640K, reserved 1048576K
}
Event: 837.737 GC heap before
{Heap before GC invocations=50 (full 0):
 garbage-first heap   total 294912K, used 158544K [0x0000000600000000, 0x0000000800000000)
  region size 4096K, 3 young (12288K), 2 survivors (8192K)
 Metaspace       used 114733K, committed 116032K, reserved 1179648K
  class space    used 16025K, committed 16640K, reserved 1048576K
}
Event: 837.757 GC heap after
{Heap after GC invocations=51 (full 0):
 garbage-first heap   total 294912K, used 145547K [0x0000000600000000, 0x0000000800000000)
  region size 4096K, 1 young (4096K), 1 survivors (4096K)
 Metaspace       used 114733K, committed 116032K, reserved 1179648K
  class space    used 16025K, committed 16640K, reserved 1048576K
}
Event: 840.527 GC heap before
{Heap before GC invocations=51 (full 0):
 garbage-first heap   total 294912K, used 235659K [0x0000000600000000, 0x0000000800000000)
  region size 4096K, 23 young (94208K), 1 survivors (4096K)
 Metaspace       used 115283K, committed 116544K, reserved 1179648K
  class space    used 16068K, committed 16704K, reserved 1048576K
}
Event: 840.538 GC heap after
{Heap after GC invocations=52 (full 0):
 garbage-first heap   total 294912K, used 153783K [0x0000000600000000, 0x0000000800000000)
  region size 4096K, 3 young (12288K), 3 survivors (12288K)
 Metaspace       used 115283K, committed 116544K, reserved 1179648K
  class space    used 16068K, committed 16704K, reserved 1048576K
}
Event: 841.073 GC heap before
{Heap before GC invocations=53 (full 0):
 garbage-first heap   total 307200K, used 235703K [0x0000000600000000, 0x0000000800000000)
  region size 4096K, 23 young (94208K), 3 survivors (12288K)
 Metaspace       used 115462K, committed 116736K, reserved 1179648K
  class space    used 16082K, committed 16704K, reserved 1048576K
}
Event: 841.087 GC heap after
{Heap after GC invocations=54 (full 0):
 garbage-first heap   total 307200K, used 159957K [0x0000000600000000, 0x0000000800000000)
  region size 4096K, 2 young (8192K), 2 survivors (8192K)
 Metaspace       used 115462K, committed 116736K, reserved 1179648K
  class space    used 16082K, committed 16704K, reserved 1048576K
}
Event: 841.114 GC heap before
{Heap before GC invocations=54 (full 0):
 garbage-first heap   total 307200K, used 164053K [0x0000000600000000, 0x0000000800000000)
  region size 4096K, 3 young (12288K), 2 survivors (8192K)
 Metaspace       used 115477K, committed 116800K, reserved 1179648K
  class space    used 16082K, committed 16704K, reserved 1048576K
}
Event: 841.127 GC heap after
{Heap after GC invocations=55 (full 0):
 garbage-first heap   total 614400K, used 150296K [0x0000000600000000, 0x0000000800000000)
  region size 4096K, 1 young (4096K), 1 survivors (4096K)
 Metaspace       used 115477K, committed 116800K, reserved 1179648K
  class space    used 16082K, committed 16704K, reserved 1048576K
}
Event: 858.057 GC heap before
{Heap before GC invocations=55 (full 0):
 garbage-first heap   total 614400K, used 469784K [0x0000000600000000, 0x0000000800000000)
  region size 4096K, 79 young (323584K), 1 survivors (4096K)
 Metaspace       used 116327K, committed 117696K, reserved 1179648K
  class space    used 16150K, committed 16832K, reserved 1048576K
}
Event: 858.067 GC heap after
{Heap after GC invocations=56 (full 0):
 garbage-first heap   total 614400K, used 160050K [0x0000000600000000, 0x0000000800000000)
  region size 4096K, 3 young (12288K), 3 survivors (12288K)
 Metaspace       used 116327K, committed 117696K, reserved 1179648K
  class space    used 16150K, committed 16832K, reserved 1048576K
}

